<?xml version="1.0" encoding="UTF-8"?>
<testng-results ignored="0" total="1" passed="1" failed="0" skipped="0">
  <reporter-output>
  </reporter-output>
  <suite started-at="2021-04-25T23:41:44 PDT" name="Suite" finished-at="2021-04-25T23:41:51 PDT" duration-ms="7537">
    <groups>
    </groups>
    <test started-at="2021-04-25T23:41:44 PDT" name="Test" finished-at="2021-04-25T23:41:51 PDT" duration-ms="7537">
      <class name="com.WeighGame.scripts.ExecutingScripts">
        <test-method is-config="true" signature="preCondition()[pri:0, instance:com.WeighGame.scripts.ExecutingScripts@258e2e41]" started-at="2021-04-25T23:41:44 PDT" name="preCondition" finished-at="2021-04-25T23:41:49 PDT" duration-ms="4862" status="PASS">
          <reporter-output>
          </reporter-output>
        </test-method> <!-- preCondition -->
        <test-method signature="testValues()[pri:0, instance:com.WeighGame.scripts.ExecutingScripts@258e2e41]" started-at="2021-04-25T23:41:49 PDT" name="testValues" finished-at="2021-04-25T23:41:51 PDT" duration-ms="2114" status="PASS">
          <reporter-output>
          </reporter-output>
        </test-method> <!-- testValues -->
        <test-method is-config="true" signature="postCondition()[pri:0, instance:com.WeighGame.scripts.ExecutingScripts@258e2e41]" started-at="2021-04-25T23:41:51 PDT" name="postCondition" finished-at="2021-04-25T23:41:51 PDT" duration-ms="533" status="PASS">
          <reporter-output>
          </reporter-output>
        </test-method> <!-- postCondition -->
      </class> <!-- com.WeighGame.scripts.ExecutingScripts -->
    </test> <!-- Test -->
  </suite> <!-- Suite -->
</testng-results>
